2026-05-04 10:47:40.795 -05:00 [INF] Acquiring an exclusive lock for migration application. See https://aka.ms/efcore-docs-migrations-lock for more information if this takes too long.
2026-05-04 10:47:40.955 -05:00 [INF] No migrations were applied. The database is already up to date.
2026-05-04 10:47:41.495 -05:00 [INF] Seeded role Administrator
2026-05-04 10:47:41.513 -05:00 [INF] Seeded role Editor
2026-05-04 10:47:41.520 -05:00 [INF] Seeded role Member
2026-05-04 10:47:41.698 -05:00 [INF] Seeded System User with id "22222222-2222-2222-2222-222222222222"
2026-05-04 10:47:41.711 -05:00 [ERR] Failed to seed default Administrator: Passwords must have at least one digit ('0'-'9').
2026-05-04 10:47:41.839 -05:00 [INF] Seeded SiteSettings row
2026-05-04 10:47:41.846 -05:00 [INF] Credo CMS API starting up
2026-05-04 10:47:41.923 -05:00 [INF] VersioningTrimBackgroundService started (Phase 1: inert)
2026-05-04 10:47:42.077 -05:00 [WRN] The ASP.NET Core developer certificate is not trusted. For information about trusting the ASP.NET Core developer certificate, see https://aka.ms/aspnet/https-trust-dev-cert
2026-05-04 10:47:42.135 -05:00 [INF] Now listening on: https://localhost:7194
2026-05-04 10:47:42.137 -05:00 [INF] Now listening on: http://localhost:5128
2026-05-04 10:47:42.326 -05:00 [INF] Application started. Press Ctrl+C to shut down.
2026-05-04 10:47:42.327 -05:00 [INF] Hosting environment: Development
2026-05-04 10:47:42.328 -05:00 [INF] Content root path: C:\CODE\Credo-CMS\api\CredoCms.Api
2026-05-04 10:53:11.390 -05:00 [INF] Acquiring an exclusive lock for migration application. See https://aka.ms/efcore-docs-migrations-lock for more information if this takes too long.
2026-05-04 10:53:11.566 -05:00 [INF] No migrations were applied. The database is already up to date.
2026-05-04 10:53:12.252 -05:00 [WRN] Seeded default Administrator admin@example.com. RequirePasswordChangeOnFirstLogin is set; the operator MUST change this password immediately after first sign-in.
2026-05-04 10:53:12.280 -05:00 [INF] Credo CMS API starting up
2026-05-04 10:53:12.320 -05:00 [INF] VersioningTrimBackgroundService started (Phase 1: inert)
2026-05-04 10:53:12.445 -05:00 [WRN] The ASP.NET Core developer certificate is not trusted. For information about trusting the ASP.NET Core developer certificate, see https://aka.ms/aspnet/https-trust-dev-cert
2026-05-04 10:53:12.507 -05:00 [INF] Now listening on: https://localhost:7194
2026-05-04 10:53:12.510 -05:00 [INF] Now listening on: http://localhost:5128
2026-05-04 10:53:12.663 -05:00 [INF] Application started. Press Ctrl+C to shut down.
2026-05-04 10:53:12.665 -05:00 [INF] Hosting environment: Development
2026-05-04 10:53:12.665 -05:00 [INF] Content root path: C:\CODE\Credo-CMS\api\CredoCms.Api
2026-05-04 21:28:43.171 -05:00 [INF] Acquiring an exclusive lock for migration application. See https://aka.ms/efcore-docs-migrations-lock for more information if this takes too long.
2026-05-04 21:28:43.398 -05:00 [INF] No migrations were applied. The database is already up to date.
2026-05-04 21:28:44.026 -05:00 [INF] Credo CMS API starting up
2026-05-04 21:28:44.113 -05:00 [INF] VersioningTrimBackgroundService started (Phase 1: inert)
2026-05-04 21:28:44.270 -05:00 [WRN] The ASP.NET Core developer certificate is not trusted. For information about trusting the ASP.NET Core developer certificate, see https://aka.ms/aspnet/https-trust-dev-cert
2026-05-04 21:28:44.335 -05:00 [INF] Now listening on: https://localhost:7194
2026-05-04 21:28:44.338 -05:00 [INF] Now listening on: http://localhost:5128
2026-05-04 21:28:44.563 -05:00 [INF] Application started. Press Ctrl+C to shut down.
2026-05-04 21:28:44.565 -05:00 [INF] Hosting environment: Development
2026-05-04 21:28:44.566 -05:00 [INF] Content root path: C:\CODE\Credo-CMS\api\CredoCms.Api
2026-05-04 21:36:46.569 -05:00 [INF] HTTP GET /api/site-settings/public responded 307 in 16.1551 ms
2026-05-04 21:36:46.569 -05:00 [INF] HTTP GET /api/site-settings/public responded 307 in 16.1446 ms
2026-05-04 21:36:46.569 -05:00 [INF] HTTP GET /api/auth/me responded 307 in 16.1485 ms
2026-05-04 21:37:05.534 -05:00 [INF] HTTP GET /api/site-settings/public responded 307 in 1.0389 ms
2026-05-04 21:37:05.534 -05:00 [INF] HTTP GET /api/auth/me responded 307 in 1.0391 ms
2026-05-04 21:37:05.534 -05:00 [INF] HTTP GET /api/site-settings/public responded 307 in 1.0392 ms
2026-05-04 21:37:22.092 -05:00 [INF] HTTP POST /api/auth/login responded 307 in 11.1625 ms
2026-05-04 21:39:12.016 -05:00 [INF] HTTP GET /api/auth/me responded 401 in 174.1232 ms
2026-05-04 21:39:12.150 -05:00 [INF] HTTP GET /api/site-settings/public responded 200 in 307.9655 ms
2026-05-04 21:39:12.182 -05:00 [INF] HTTP GET /api/site-settings/public responded 200 in 340.1176 ms
2026-05-04 21:39:19.779 -05:00 [INF] Audit: Auth.LoginSucceeded on ApplicationUser 1821dfc5-f7c5-4396-891f-78deb917a326 by admin@example.com
2026-05-04 21:39:19.798 -05:00 [INF] HTTP POST /api/auth/login responded 200 in 437.5088 ms
