2026-05-15 21:52:28.029 -05:00 [INF] Acquiring an exclusive lock for migration application. See https://aka.ms/efcore-docs-migrations-lock for more information if this takes too long.
2026-05-15 21:52:28.204 -05:00 [INF] Applying migration '20260516024522_PublicSite_AddTemplateField'.
2026-05-15 21:52:28.967 -05:00 [INF] Credo CMS API starting up
2026-05-15 21:52:29.042 -05:00 [INF] ScheduledPublishingService started, tick="00:01:00"
2026-05-15 21:52:29.042 -05:00 [INF] BroadcastSendWorker started, tick="00:00:15"
2026-05-15 21:52:29.042 -05:00 [INF] AdminNotificationDigestService started, tick="00:05:00"
2026-05-15 21:52:29.042 -05:00 [INF] EventVolunteerReminderService started, tick="01:00:00"
2026-05-15 21:52:29.074 -05:00 [INF] VersioningTrimBackgroundService started (Phase 1: inert)
2026-05-15 21:52:29.400 -05:00 [INF] Now listening on: https://localhost:7194
2026-05-15 21:52:29.402 -05:00 [INF] Now listening on: http://localhost:5128
2026-05-15 21:52:29.492 -05:00 [INF] Application started. Press Ctrl+C to shut down.
2026-05-15 21:52:29.493 -05:00 [INF] Hosting environment: Development
2026-05-15 21:52:29.494 -05:00 [INF] Content root path: C:\CODE\Credo-CMS\api\CredoCms.Api
2026-05-15 21:53:08.605 -05:00 [INF] HTTP GET /api/public/banner responded 200 in 184.4303 ms
2026-05-15 21:53:08.605 -05:00 [INF] HTTP GET /api/site-settings/public responded 200 in 184.4529 ms
2026-05-15 21:53:08.605 -05:00 [INF] HTTP GET /api/auth/me responded 401 in 184.4324 ms
2026-05-15 21:53:08.631 -05:00 [INF] HTTP GET /api/public/banner responded 200 in 9.9313 ms
2026-05-15 21:53:08.631 -05:00 [INF] HTTP GET /api/site-settings/public responded 200 in 9.7539 ms
2026-05-15 21:53:08.661 -05:00 [INF] HTTP GET /api/public/homepage responded 200 in 242.8111 ms
2026-05-15 21:53:08.673 -05:00 [INF] HTTP GET /api/public/homepage responded 200 in 2.9562 ms
2026-05-15 21:53:11.281 -05:00 [INF] HTTP GET /api/public/pages/about responded 200 in 49.9172 ms
2026-05-15 21:53:11.293 -05:00 [INF] HTTP GET /api/public/pages/about responded 200 in 3.6101 ms
2026-05-15 21:53:12.034 -05:00 [INF] HTTP GET /api/public/service-times responded 200 in 8.3140 ms
2026-05-15 21:53:12.046 -05:00 [INF] HTTP GET /api/public/service-times responded 200 in 2.2165 ms
2026-05-15 21:53:37.084 -05:00 [WRN] Failed to copy thumbnail for cFxdlpPOvz8
System.AggregateException: Retry failed after 6 tries. Retry settings can be adjusted in ClientOptions.Retry or by configuring a custom retry policy in ClientOptions.RetryPolicy. (No connection could be made because the target machine actively refused it. (127.0.0.1:10000)) (No connection could be made because the target machine actively refused it. (127.0.0.1:10000)) (No connection could be made because the target machine actively refused it. (127.0.0.1:10000)) (No connection could be made because the target machine actively refused it. (127.0.0.1:10000)) (No connection could be made because the target machine actively refused it. (127.0.0.1:10000)) (No connection could be made because the target machine actively refused it. (127.0.0.1:10000))
 ---> Azure.RequestFailedException: No connection could be made because the target machine actively refused it. (127.0.0.1:10000)
 ---> System.Net.Http.HttpRequestException: No connection could be made because the target machine actively refused it. (127.0.0.1:10000)
 ---> System.Net.Sockets.SocketException (10061): No connection could be made because the target machine actively refused it.
   at System.Net.Sockets.Socket.AwaitableSocketAsyncEventArgs.ThrowException(SocketError error, CancellationToken cancellationToken)
   at System.Net.Sockets.Socket.AwaitableSocketAsyncEventArgs.System.Threading.Tasks.Sources.IValueTaskSource.GetResult(Int16 token)
   at System.Net.Http.HttpConnectionPool.ConnectToTcpHostAsync(String host, Int32 port, HttpRequestMessage initialRequest, Boolean async, CancellationToken cancellationToken)
   --- End of inner exception stack trace ---
   at System.Net.Http.HttpConnectionPool.ConnectToTcpHostAsync(String host, Int32 port, HttpRequestMessage initialRequest, Boolean async, CancellationToken cancellationToken)
   at System.Net.Http.HttpConnectionPool.ConnectAsync(HttpRequestMessage request, Boolean async, CancellationToken cancellationToken)
   at System.Net.Http.HttpConnectionPool.CreateHttp11ConnectionAsync(HttpRequestMessage request, Boolean async, CancellationToken cancellationToken)
   at System.Net.Http.HttpConnectionPool.InjectNewHttp11ConnectionAsync(QueueItem queueItem)
   at System.Threading.Tasks.TaskCompletionSourceWithCancellation`1.WaitWithCancellationAsync(CancellationToken cancellationToken)
   at System.Net.Http.HttpConnectionWaiter`1.WaitForConnectionWithTelemetryAsync(HttpRequestMessage request, HttpConnectionPool pool, Boolean async, CancellationToken requestCancellationToken)
   at System.Net.Http.HttpConnectionPool.SendWithVersionDetectionAndRetryAsync(HttpRequestMessage request, Boolean async, Boolean doRequestAuth, CancellationToken cancellationToken)
   at System.Net.Http.DiagnosticsHandler.SendAsyncCore(HttpRequestMessage request, Boolean async, CancellationToken cancellationToken)
   at System.Net.Http.SocketsHttpHandler.<SendAsync>g__CreateHandlerAndSendAsync|115_0(HttpRequestMessage request, CancellationToken cancellationToken)
   at System.Net.Http.HttpClient.<SendAsync>g__Core|83_0(HttpRequestMessage request, HttpCompletionOption completionOption, CancellationTokenSource cts, Boolean disposeCts, CancellationTokenSource pendingRequestsCts, CancellationToken originalCancellationToken)
   at Azure.Core.Pipeline.HttpClientTransport.ProcessSyncOrAsync(HttpMessage message, Boolean async)
   --- End of inner exception stack trace ---
   at Azure.Core.Pipeline.HttpClientTransport.ProcessSyncOrAsync(HttpMessage message, Boolean async)
   at Azure.Core.Pipeline.HttpPipelineTransportPolicy.ProcessAsync(HttpMessage message, ReadOnlyMemory`1 pipeline)
   at Azure.Core.Pipeline.ResponseBodyPolicy.ProcessAsync(HttpMessage message, ReadOnlyMemory`1 pipeline, Boolean async)
   at Azure.Core.Pipeline.HttpPipelineSynchronousPolicy.InnerProcessAsync(HttpMessage message, ReadOnlyMemory`1 pipeline)
   at Azure.Core.Pipeline.RedirectPolicy.ProcessAsync(HttpMessage message, ReadOnlyMemory`1 pipeline, Boolean async)
   at Azure.Core.Pipeline.RetryPolicy.ProcessAsync(HttpMessage message, ReadOnlyMemory`1 pipeline, Boolean async)
   --- End of inner exception stack trace ---
   at Azure.Core.Pipeline.RetryPolicy.ProcessAsync(HttpMessage message, ReadOnlyMemory`1 pipeline, Boolean async)
   at Azure.Core.Pipeline.HttpPipelineSynchronousPolicy.InnerProcessAsync(HttpMessage message, ReadOnlyMemory`1 pipeline)
   at Azure.Storage.Blobs.ContainerRestClient.CreateAsync(Nullable`1 timeout, IDictionary`2 metadata, Nullable`1 access, String defaultEncryptionScope, Nullable`1 preventEncryptionScopeOverride, CancellationToken cancellationToken)
   at Azure.Storage.Blobs.BlobContainerClient.CreateInternal(PublicAccessType publicAccessType, IDictionary`2 metadata, BlobContainerEncryptionScopeOptions encryptionScopeOptions, Boolean async, CancellationToken cancellationToken, String operationName)
   at Azure.Storage.Blobs.BlobContainerClient.CreateIfNotExistsInternal(PublicAccessType publicAccessType, IDictionary`2 metadata, BlobContainerEncryptionScopeOptions encryptionScopeOptions, Boolean async, CancellationToken cancellationToken)
   at Azure.Storage.Blobs.BlobContainerClient.CreateIfNotExistsAsync(PublicAccessType publicAccessType, IDictionary`2 metadata, BlobContainerEncryptionScopeOptions encryptionScopeOptions, CancellationToken cancellationToken)
   at CredoCms.Infrastructure.Storage.BlobStorageService.UploadAsync(String blobName, Stream content, String contentType, CancellationToken cancellationToken) in C:\CODE\Credo-CMS\api\CredoCms.Infrastructure\Storage\BlobStorageService.cs:line 47
   at CredoCms.Infrastructure.YouTube.YouTubeSyncService.CopyThumbnailAsync(IBlobStorageService blobs, String videoId, String thumbnailUrl, CancellationToken ct) in C:\CODE\Credo-CMS\api\CredoCms.Infrastructure\YouTube\YouTubeSyncService.cs:line 203
   at CredoCms.Infrastructure.YouTube.YouTubeSyncService.CopyThumbnailAsync(IBlobStorageService blobs, String videoId, String thumbnailUrl, CancellationToken ct) in C:\CODE\Credo-CMS\api\CredoCms.Infrastructure\YouTube\YouTubeSyncService.cs:line 203
   at CredoCms.Infrastructure.YouTube.YouTubeSyncService.RunOnceAsync(CancellationToken ct) in C:\CODE\Credo-CMS\api\CredoCms.Infrastructure\YouTube\YouTubeSyncService.cs:line 115
 ---> (Inner Exception #1) Azure.RequestFailedException: No connection could be made because the target machine actively refused it. (127.0.0.1:10000)
 ---> System.Net.Http.HttpRequestException: No connection could be made because the target machine actively refused it. (127.0.0.1:10000)
 ---> System.Net.Sockets.SocketException (10061): No connection could be made because the target machine actively refused it.
   at System.Net.Sockets.Socket.AwaitableSocketAsyncEventArgs.ThrowException(SocketError error, CancellationToken cancellationToken)
   at System.Net.Sockets.Socket.AwaitableSocketAsyncEventArgs.System.Threading.Tasks.Sources.IValueTaskSource.GetResult(Int16 token)
   at System.Net.Http.HttpConnectionPool.ConnectToTcpHostAsync(String host, Int32 port, HttpRequestMessage initialRequest, Boolean async, CancellationToken cancellationToken)
   --- End of inner exception stack trace ---
   at System.Net.Http.HttpConnectionPool.ConnectToTcpHostAsync(String host, Int32 port, HttpRequestMessage initialRequest, Boolean async, CancellationToken cancellationToken)
   at System.Net.Http.HttpConnectionPool.ConnectAsync(HttpRequestMessage request, Boolean async, CancellationToken cancellationToken)
   at System.Net.Http.HttpConnectionPool.CreateHttp11ConnectionAsync(HttpRequestMessage request, Boolean async, CancellationToken cancellationToken)
   at System.Net.Http.HttpConnectionPool.InjectNewHttp11ConnectionAsync(QueueItem queueItem)
   at System.Threading.Tasks.TaskCompletionSourceWithCancellation`1.WaitWithCancellationAsync(CancellationToken cancellationToken)
   at System.Net.Http.HttpConnectionWaiter`1.WaitForConnectionWithTelemetryAsync(HttpRequestMessage request, HttpConnectionPool pool, Boolean async, CancellationToken requestCancellationToken)
   at System.Net.Http.HttpConnectionPool.SendWithVersionDetectionAndRetryAsync(HttpRequestMessage request, Boolean async, Boolean doRequestAuth, CancellationToken cancellationToken)
   at System.Net.Http.DiagnosticsHandler.SendAsyncCore(HttpRequestMessage request, Boolean async, CancellationToken cancellationToken)
   at System.Net.Http.HttpClient.<SendAsync>g__Core|83_0(HttpRequestMessage request, HttpCompletionOption completionOption, CancellationTokenSource cts, Boolean disposeCts, CancellationTokenSource pendingRequestsCts, CancellationToken originalCancellationToken)
   at Azure.Core.Pipeline.HttpClientTransport.ProcessSyncOrAsync(HttpMessage message, Boolean async)
   --- End of inner exception stack trace ---
   at Azure.Core.Pipeline.HttpClientTransport.ProcessSyncOrAsync(HttpMessage message, Boolean async)
   at Azure.Core.Pipeline.HttpPipelineTransportPolicy.ProcessAsync(HttpMessage message, ReadOnlyMemory`1 pipeline)
   at Azure.Core.Pipeline.ResponseBodyPolicy.ProcessAsync(HttpMessage message, ReadOnlyMemory`1 pipeline, Boolean async)
   at Azure.Core.Pipeline.HttpPipelineSynchronousPolicy.InnerProcessAsync(HttpMessage message, ReadOnlyMemory`1 pipeline)
   at Azure.Core.Pipeline.RedirectPolicy.ProcessAsync(HttpMessage message, ReadOnlyMemory`1 pipeline, Boolean async)
   at Azure.Core.Pipeline.RetryPolicy.ProcessAsync(HttpMessage message, ReadOnlyMemory`1 pipeline, Boolean async)<---

 ---> (Inner Exception #2) Azure.RequestFailedException: No connection could be made because the target machine actively refused it. (127.0.0.1:10000)
 ---> System.Net.Http.HttpRequestException: No connection could be made because the target machine actively refused it. (127.0.0.1:10000)
 ---> System.Net.Sockets.SocketException (10061): No connection could be made because the target machine actively refused it.
   at System.Net.Sockets.Socket.AwaitableSocketAsyncEventArgs.ThrowException(SocketError error, CancellationToken cancellationToken)
   at System.Net.Sockets.Socket.AwaitableSocketAsyncEventArgs.System.Threading.Tasks.Sources.IValueTaskSource.GetResult(Int16 token)
   at System.Net.Http.HttpConnectionPool.ConnectToTcpHostAsync(String host, Int32 port, HttpRequestMessage initialRequest, Boolean async, CancellationToken cancellationToken)
   --- End of inner exception stack trace ---
   at System.Net.Http.HttpConnectionPool.ConnectToTcpHostAsync(String host, Int32 port, HttpRequestMessage initialRequest, Boolean async, CancellationToken cancellationToken)
   at System.Net.Http.HttpConnectionPool.ConnectAsync(HttpRequestMessage request, Boolean async, CancellationToken cancellationToken)
   at System.Net.Http.HttpConnectionPool.CreateHttp11ConnectionAsync(HttpRequestMessage request, Boolean async, CancellationToken cancellationToken)
   at System.Net.Http.HttpConnectionPool.InjectNewHttp11ConnectionAsync(QueueItem queueItem)
   at System.Threading.Tasks.TaskCompletionSourceWithCancellation`1.WaitWithCancellationAsync(CancellationToken cancellationToken)
   at System.Net.Http.HttpConnectionWaiter`1.WaitForConnectionWithTelemetryAsync(HttpRequestMessage request, HttpConnectionPool pool, Boolean async, CancellationToken requestCancellationToken)
   at System.Net.Http.HttpConnectionPool.SendWithVersionDetectionAndRetryAsync(HttpRequestMessage request, Boolean async, Boolean doRequestAuth, CancellationToken cancellationToken)
   at System.Net.Http.DiagnosticsHandler.SendAsyncCore(HttpRequestMessage request, Boolean async, CancellationToken cancellationToken)
   at System.Net.Http.HttpClient.<SendAsync>g__Core|83_0(HttpRequestMessage request, HttpCompletionOption completionOption, CancellationTokenSource cts, Boolean disposeCts, CancellationTokenSource pendingRequestsCts, CancellationToken originalCancellationToken)
   at Azure.Core.Pipeline.HttpClientTransport.ProcessSyncOrAsync(HttpMessage message, Boolean async)
   --- End of inner exception stack trace ---
   at Azure.Core.Pipeline.HttpClientTransport.ProcessSyncOrAsync(HttpMessage message, Boolean async)
   at Azure.Core.Pipeline.HttpPipelineTransportPolicy.ProcessAsync(HttpMessage message, ReadOnlyMemory`1 pipeline)
   at Azure.Core.Pipeline.ResponseBodyPolicy.ProcessAsync(HttpMessage message, ReadOnlyMemory`1 pipeline, Boolean async)
   at Azure.Core.Pipeline.HttpPipelineSynchronousPolicy.InnerProcessAsync(HttpMessage message, ReadOnlyMemory`1 pipeline)
   at Azure.Core.Pipeline.RedirectPolicy.ProcessAsync(HttpMessage message, ReadOnlyMemory`1 pipeline, Boolean async)
   at Azure.Core.Pipeline.RetryPolicy.ProcessAsync(HttpMessage message, ReadOnlyMemory`1 pipeline, Boolean async)<---

 ---> (Inner Exception #3) Azure.RequestFailedException: No connection could be made because the target machine actively refused it. (127.0.0.1:10000)
 ---> System.Net.Http.HttpRequestException: No connection could be made because the target machine actively refused it. (127.0.0.1:10000)
 ---> System.Net.Sockets.SocketException (10061): No connection could be made because the target machine actively refused it.
   at System.Net.Sockets.Socket.AwaitableSocketAsyncEventArgs.ThrowException(SocketError error, CancellationToken cancellationToken)
   at System.Net.Sockets.Socket.AwaitableSocketAsyncEventArgs.System.Threading.Tasks.Sources.IValueTaskSource.GetResult(Int16 token)
   at System.Net.Http.HttpConnectionPool.ConnectToTcpHostAsync(String host, Int32 port, HttpRequestMessage initialRequest, Boolean async, CancellationToken cancellationToken)
   --- End of inner exception stack trace ---
   at System.Net.Http.HttpConnectionPool.ConnectToTcpHostAsync(String host, Int32 port, HttpRequestMessage initialRequest, Boolean async, CancellationToken cancellationToken)
   at System.Net.Http.HttpConnectionPool.ConnectAsync(HttpRequestMessage request, Boolean async, CancellationToken cancellationToken)
   at System.Net.Http.HttpConnectionPool.CreateHttp11ConnectionAsync(HttpRequestMessage request, Boolean async, CancellationToken cancellationToken)
   at System.Net.Http.HttpConnectionPool.InjectNewHttp11ConnectionAsync(QueueItem queueItem)
   at System.Threading.Tasks.TaskCompletionSourceWithCancellation`1.WaitWithCancellationAsync(CancellationToken cancellationToken)
   at System.Net.Http.HttpConnectionWaiter`1.WaitForConnectionWithTelemetryAsync(HttpRequestMessage request, HttpConnectionPool pool, Boolean async, CancellationToken requestCancellationToken)
   at System.Net.Http.HttpConnectionPool.SendWithVersionDetectionAndRetryAsync(HttpRequestMessage request, Boolean async, Boolean doRequestAuth, CancellationToken cancellationToken)
   at System.Net.Http.DiagnosticsHandler.SendAsyncCore(HttpRequestMessage request, Boolean async, CancellationToken cancellationToken)
   at System.Net.Http.HttpClient.<SendAsync>g__Core|83_0(HttpRequestMessage request, HttpCompletionOption completionOption, CancellationTokenSource cts, Boolean disposeCts, CancellationTokenSource pendingRequestsCts, CancellationToken originalCancellationToken)
   at Azure.Core.Pipeline.HttpClientTransport.ProcessSyncOrAsync(HttpMessage message, Boolean async)
   --- End of inner exception stack trace ---
   at Azure.Core.Pipeline.HttpClientTransport.ProcessSyncOrAsync(HttpMessage message, Boolean async)
   at Azure.Core.Pipeline.HttpPipelineTransportPolicy.ProcessAsync(HttpMessage message, ReadOnlyMemory`1 pipeline)
   at Azure.Core.Pipeline.ResponseBodyPolicy.ProcessAsync(HttpMessage message, ReadOnlyMemory`1 pipeline, Boolean async)
   at Azure.Core.Pipeline.HttpPipelineSynchronousPolicy.InnerProcessAsync(HttpMessage message, ReadOnlyMemory`1 pipeline)
   at Azure.Core.Pipeline.RedirectPolicy.ProcessAsync(HttpMessage message, ReadOnlyMemory`1 pipeline, Boolean async)
   at Azure.Core.Pipeline.RetryPolicy.ProcessAsync(HttpMessage message, ReadOnlyMemory`1 pipeline, Boolean async)<---

 ---> (Inner Exception #4) Azure.RequestFailedException: No connection could be made because the target machine actively refused it. (127.0.0.1:10000)
 ---> System.Net.Http.HttpRequestException: No connection could be made because the target machine actively refused it. (127.0.0.1:10000)
 ---> System.Net.Sockets.SocketException (10061): No connection could be made because the target machine actively refused it.
   at System.Net.Sockets.Socket.AwaitableSocketAsyncEventArgs.ThrowException(SocketError error, CancellationToken cancellationToken)
   at System.Net.Sockets.Socket.AwaitableSocketAsyncEventArgs.System.Threading.Tasks.Sources.IValueTaskSource.GetResult(Int16 token)
   at System.Net.Http.HttpConnectionPool.ConnectToTcpHostAsync(String host, Int32 port, HttpRequestMessage initialRequest, Boolean async, CancellationToken cancellationToken)
   --- End of inner exception stack trace ---
   at System.Net.Http.HttpConnectionPool.ConnectToTcpHostAsync(String host, Int32 port, HttpRequestMessage initialRequest, Boolean async, CancellationToken cancellationToken)
   at System.Net.Http.HttpConnectionPool.ConnectAsync(HttpRequestMessage request, Boolean async, CancellationToken cancellationToken)
   at System.Net.Http.HttpConnectionPool.CreateHttp11ConnectionAsync(HttpRequestMessage request, Boolean async, CancellationToken cancellationToken)
   at System.Net.Http.HttpConnectionPool.InjectNewHttp11ConnectionAsync(QueueItem queueItem)
   at System.Threading.Tasks.TaskCompletionSourceWithCancellation`1.WaitWithCancellationAsync(CancellationToken cancellationToken)
   at System.Net.Http.HttpConnectionWaiter`1.WaitForConnectionWithTelemetryAsync(HttpRequestMessage request, HttpConnectionPool pool, Boolean async, CancellationToken requestCancellationToken)
   at System.Net.Http.HttpConnectionPool.SendWithVersionDetectionAndRetryAsync(HttpRequestMessage request, Boolean async, Boolean doRequestAuth, CancellationToken cancellationToken)
   at System.Net.Http.DiagnosticsHandler.SendAsyncCore(HttpRequestMessage request, Boolean async, CancellationToken cancellationToken)
   at System.Net.Http.HttpClient.<SendAsync>g__Core|83_0(HttpRequestMessage request, HttpCompletionOption completionOption, CancellationTokenSource cts, Boolean disposeCts, CancellationTokenSource pendingRequestsCts, CancellationToken originalCancellationToken)
   at Azure.Core.Pipeline.HttpClientTransport.ProcessSyncOrAsync(HttpMessage message, Boolean async)
   --- End of inner exception stack trace ---
   at Azure.Core.Pipeline.HttpClientTransport.ProcessSyncOrAsync(HttpMessage message, Boolean async)
   at Azure.Core.Pipeline.HttpPipelineTransportPolicy.ProcessAsync(HttpMessage message, ReadOnlyMemory`1 pipeline)
   at Azure.Core.Pipeline.ResponseBodyPolicy.ProcessAsync(HttpMessage message, ReadOnlyMemory`1 pipeline, Boolean async)
   at Azure.Core.Pipeline.HttpPipelineSynchronousPolicy.InnerProcessAsync(HttpMessage message, ReadOnlyMemory`1 pipeline)
   at Azure.Core.Pipeline.RedirectPolicy.ProcessAsync(HttpMessage message, ReadOnlyMemory`1 pipeline, Boolean async)
   at Azure.Core.Pipeline.RetryPolicy.ProcessAsync(HttpMessage message, ReadOnlyMemory`1 pipeline, Boolean async)<---

 ---> (Inner Exception #5) Azure.RequestFailedException: No connection could be made because the target machine actively refused it. (127.0.0.1:10000)
 ---> System.Net.Http.HttpRequestException: No connection could be made because the target machine actively refused it. (127.0.0.1:10000)
 ---> System.Net.Sockets.SocketException (10061): No connection could be made because the target machine actively refused it.
   at System.Net.Sockets.Socket.AwaitableSocketAsyncEventArgs.ThrowException(SocketError error, CancellationToken cancellationToken)
   at System.Net.Sockets.Socket.AwaitableSocketAsyncEventArgs.System.Threading.Tasks.Sources.IValueTaskSource.GetResult(Int16 token)
   at System.Net.Http.HttpConnectionPool.ConnectToTcpHostAsync(String host, Int32 port, HttpRequestMessage initialRequest, Boolean async, CancellationToken cancellationToken)
   --- End of inner exception stack trace ---
   at System.Net.Http.HttpConnectionPool.ConnectToTcpHostAsync(String host, Int32 port, HttpRequestMessage initialRequest, Boolean async, CancellationToken cancellationToken)
   at System.Net.Http.HttpConnectionPool.ConnectAsync(HttpRequestMessage request, Boolean async, CancellationToken cancellationToken)
   at System.Net.Http.HttpConnectionPool.CreateHttp11ConnectionAsync(HttpRequestMessage request, Boolean async, CancellationToken cancellationToken)
   at System.Net.Http.HttpConnectionPool.InjectNewHttp11ConnectionAsync(QueueItem queueItem)
   at System.Threading.Tasks.TaskCompletionSourceWithCancellation`1.WaitWithCancellationAsync(CancellationToken cancellationToken)
   at System.Net.Http.HttpConnectionWaiter`1.WaitForConnectionWithTelemetryAsync(HttpRequestMessage request, HttpConnectionPool pool, Boolean async, CancellationToken requestCancellationToken)
   at System.Net.Http.HttpConnectionPool.SendWithVersionDetectionAndRetryAsync(HttpRequestMessage request, Boolean async, Boolean doRequestAuth, CancellationToken cancellationToken)
   at System.Net.Http.DiagnosticsHandler.SendAsyncCore(HttpRequestMessage request, Boolean async, CancellationToken cancellationToken)
   at System.Net.Http.HttpClient.<SendAsync>g__Core|83_0(HttpRequestMessage request, HttpCompletionOption completionOption, CancellationTokenSource cts, Boolean disposeCts, CancellationTokenSource pendingRequestsCts, CancellationToken originalCancellationToken)
   at Azure.Core.Pipeline.HttpClientTransport.ProcessSyncOrAsync(HttpMessage message, Boolean async)
   --- End of inner exception stack trace ---
   at Azure.Core.Pipeline.HttpClientTransport.ProcessSyncOrAsync(HttpMessage message, Boolean async)
   at Azure.Core.Pipeline.HttpPipelineTransportPolicy.ProcessAsync(HttpMessage message, ReadOnlyMemory`1 pipeline)
   at Azure.Core.Pipeline.ResponseBodyPolicy.ProcessAsync(HttpMessage message, ReadOnlyMemory`1 pipeline, Boolean async)
   at Azure.Core.Pipeline.HttpPipelineSynchronousPolicy.InnerProcessAsync(HttpMessage message, ReadOnlyMemory`1 pipeline)
   at Azure.Core.Pipeline.RedirectPolicy.ProcessAsync(HttpMessage message, ReadOnlyMemory`1 pipeline, Boolean async)
   at Azure.Core.Pipeline.RetryPolicy.ProcessAsync(HttpMessage message, ReadOnlyMemory`1 pipeline, Boolean async)<---

2026-05-15 21:53:37.141 -05:00 [INF] Start processing HTTP request GET https://www.youtube.com/api/timedtext?*
2026-05-15 21:53:37.143 -05:00 [INF] Sending HTTP request GET https://www.youtube.com/api/timedtext?*
2026-05-15 21:53:37.206 -05:00 [INF] Received HTTP response headers after 59.5651ms - 200
2026-05-15 21:53:37.208 -05:00 [INF] End processing HTTP request after 70.754ms - 200
2026-05-15 21:53:37.569 -05:00 [INF] Audit: Sermon.Created on Sermon f4927b37-498d-40cf-b242-e032a42e56da by System
2026-05-15 21:53:37.646 -05:00 [INF] Audit: Sermon.AutoImported on Sermon f4927b37-498d-40cf-b242-e032a42e56da by System
2026-05-15 21:53:47.047 -05:00 [INF] Audit: Auth.LoginSucceeded on ApplicationUser 1821dfc5-f7c5-4396-891f-78deb917a326 by admin@example.com
2026-05-15 21:53:47.056 -05:00 [INF] HTTP POST /api/auth/login responded 200 in 212.7946 ms
2026-05-15 21:53:47.098 -05:00 [INF] HTTP GET /api/public/banner responded 200 in 12.7561 ms
2026-05-15 21:53:47.107 -05:00 [INF] HTTP POST /hubs/notifications/negotiate responded 200 in 20.9603 ms
2026-05-15 21:53:47.109 -05:00 [INF] HTTP GET /api/public/homepage responded 200 in 22.7457 ms
2026-05-15 21:53:47.121 -05:00 [INF] HTTP GET /api/public/banner responded 200 in 15.0463 ms
2026-05-15 21:53:47.134 -05:00 [INF] HTTP GET /api/public/homepage responded 200 in 14.7285 ms
2026-05-15 21:54:15.793 -05:00 [WRN] Failed to copy thumbnail for 6_YmvUuTk-o
System.AggregateException: Retry failed after 6 tries. Retry settings can be adjusted in ClientOptions.Retry or by configuring a custom retry policy in ClientOptions.RetryPolicy. (No connection could be made because the target machine actively refused it. (127.0.0.1:10000)) (No connection could be made because the target machine actively refused it. (127.0.0.1:10000)) (No connection could be made because the target machine actively refused it. (127.0.0.1:10000)) (No connection could be made because the target machine actively refused it. (127.0.0.1:10000)) (No connection could be made because the target machine actively refused it. (127.0.0.1:10000)) (No connection could be made because the target machine actively refused it. (127.0.0.1:10000))
 ---> Azure.RequestFailedException: No connection could be made because the target machine actively refused it. (127.0.0.1:10000)
 ---> System.Net.Http.HttpRequestException: No connection could be made because the target machine actively refused it. (127.0.0.1:10000)
 ---> System.Net.Sockets.SocketException (10061): No connection could be made because the target machine actively refused it.
   at System.Net.Sockets.Socket.AwaitableSocketAsyncEventArgs.ThrowException(SocketError error, CancellationToken cancellationToken)
   at System.Net.Sockets.Socket.AwaitableSocketAsyncEventArgs.System.Threading.Tasks.Sources.IValueTaskSource.GetResult(Int16 token)
   at System.Net.Http.HttpConnectionPool.ConnectToTcpHostAsync(String host, Int32 port, HttpRequestMessage initialRequest, Boolean async, CancellationToken cancellationToken)
   --- End of inner exception stack trace ---
   at System.Net.Http.HttpConnectionPool.ConnectToTcpHostAsync(String host, Int32 port, HttpRequestMessage initialRequest, Boolean async, CancellationToken cancellationToken)
   at System.Net.Http.HttpConnectionPool.ConnectAsync(HttpRequestMessage request, Boolean async, CancellationToken cancellationToken)
   at System.Net.Http.HttpConnectionPool.CreateHttp11ConnectionAsync(HttpRequestMessage request, Boolean async, CancellationToken cancellationToken)
   at System.Net.Http.HttpConnectionPool.InjectNewHttp11ConnectionAsync(QueueItem queueItem)
   at System.Threading.Tasks.TaskCompletionSourceWithCancellation`1.WaitWithCancellationAsync(CancellationToken cancellationToken)
   at System.Net.Http.HttpConnectionWaiter`1.WaitForConnectionWithTelemetryAsync(HttpRequestMessage request, HttpConnectionPool pool, Boolean async, CancellationToken requestCancellationToken)
   at System.Net.Http.HttpConnectionPool.SendWithVersionDetectionAndRetryAsync(HttpRequestMessage request, Boolean async, Boolean doRequestAuth, CancellationToken cancellationToken)
   at System.Net.Http.DiagnosticsHandler.SendAsyncCore(HttpRequestMessage request, Boolean async, CancellationToken cancellationToken)
   at System.Net.Http.HttpClient.<SendAsync>g__Core|83_0(HttpRequestMessage request, HttpCompletionOption completionOption, CancellationTokenSource cts, Boolean disposeCts, CancellationTokenSource pendingRequestsCts, CancellationToken originalCancellationToken)
   at Azure.Core.Pipeline.HttpClientTransport.ProcessSyncOrAsync(HttpMessage message, Boolean async)
   --- End of inner exception stack trace ---
   at Azure.Core.Pipeline.HttpClientTransport.ProcessSyncOrAsync(HttpMessage message, Boolean async)
   at Azure.Core.Pipeline.HttpPipelineTransportPolicy.ProcessAsync(HttpMessage message, ReadOnlyMemory`1 pipeline)
   at Azure.Core.Pipeline.ResponseBodyPolicy.ProcessAsync(HttpMessage message, ReadOnlyMemory`1 pipeline, Boolean async)
   at Azure.Core.Pipeline.HttpPipelineSynchronousPolicy.InnerProcessAsync(HttpMessage message, ReadOnlyMemory`1 pipeline)
   at Azure.Core.Pipeline.RedirectPolicy.ProcessAsync(HttpMessage message, ReadOnlyMemory`1 pipeline, Boolean async)
   at Azure.Core.Pipeline.RetryPolicy.ProcessAsync(HttpMessage message, ReadOnlyMemory`1 pipeline, Boolean async)
   --- End of inner exception stack trace ---
   at Azure.Core.Pipeline.RetryPolicy.ProcessAsync(HttpMessage message, ReadOnlyMemory`1 pipeline, Boolean async)
   at Azure.Core.Pipeline.HttpPipelineSynchronousPolicy.InnerProcessAsync(HttpMessage message, ReadOnlyMemory`1 pipeline)
   at Azure.Storage.Blobs.ContainerRestClient.CreateAsync(Nullable`1 timeout, IDictionary`2 metadata, Nullable`1 access, String defaultEncryptionScope, Nullable`1 preventEncryptionScopeOverride, CancellationToken cancellationToken)
   at Azure.Storage.Blobs.BlobContainerClient.CreateInternal(PublicAccessType publicAccessType, IDictionary`2 metadata, BlobContainerEncryptionScopeOptions encryptionScopeOptions, Boolean async, CancellationToken cancellationToken, String operationName)
   at Azure.Storage.Blobs.BlobContainerClient.CreateIfNotExistsInternal(PublicAccessType publicAccessType, IDictionary`2 metadata, BlobContainerEncryptionScopeOptions encryptionScopeOptions, Boolean async, CancellationToken cancellationToken)
   at Azure.Storage.Blobs.BlobContainerClient.CreateIfNotExistsAsync(PublicAccessType publicAccessType, IDictionary`2 metadata, BlobContainerEncryptionScopeOptions encryptionScopeOptions, CancellationToken cancellationToken)
   at CredoCms.Infrastructure.Storage.BlobStorageService.UploadAsync(String blobName, Stream content, String contentType, CancellationToken cancellationToken) in C:\CODE\Credo-CMS\api\CredoCms.Infrastructure\Storage\BlobStorageService.cs:line 47
   at CredoCms.Infrastructure.YouTube.YouTubeSyncService.CopyThumbnailAsync(IBlobStorageService blobs, String videoId, String thumbnailUrl, CancellationToken ct) in C:\CODE\Credo-CMS\api\CredoCms.Infrastructure\YouTube\YouTubeSyncService.cs:line 203
   at CredoCms.Infrastructure.YouTube.YouTubeSyncService.CopyThumbnailAsync(IBlobStorageService blobs, String videoId, String thumbnailUrl, CancellationToken ct) in C:\CODE\Credo-CMS\api\CredoCms.Infrastructure\YouTube\YouTubeSyncService.cs:line 203
   at CredoCms.Infrastructure.YouTube.YouTubeSyncService.RunOnceAsync(CancellationToken ct) in C:\CODE\Credo-CMS\api\CredoCms.Infrastructure\YouTube\YouTubeSyncService.cs:line 115
 ---> (Inner Exception #1) Azure.RequestFailedException: No connection could be made because the target machine actively refused it. (127.0.0.1:10000)
 ---> System.Net.Http.HttpRequestException: No connection could be made because the target machine actively refused it. (127.0.0.1:10000)
 ---> System.Net.Sockets.SocketException (10061): No connection could be made because the target machine actively refused it.
   at System.Net.Sockets.Socket.AwaitableSocketAsyncEventArgs.ThrowException(SocketError error, CancellationToken cancellationToken)
   at System.Net.Sockets.Socket.AwaitableSocketAsyncEventArgs.System.Threading.Tasks.Sources.IValueTaskSource.GetResult(Int16 token)
   at System.Net.Http.HttpConnectionPool.ConnectToTcpHostAsync(String host, Int32 port, HttpRequestMessage initialRequest, Boolean async, CancellationToken cancellationToken)
   --- End of inner exception stack trace ---
   at System.Net.Http.HttpConnectionPool.ConnectToTcpHostAsync(String host, Int32 port, HttpRequestMessage initialRequest, Boolean async, CancellationToken cancellationToken)
   at System.Net.Http.HttpConnectionPool.ConnectAsync(HttpRequestMessage request, Boolean async, CancellationToken cancellationToken)
   at System.Net.Http.HttpConnectionPool.CreateHttp11ConnectionAsync(HttpRequestMessage request, Boolean async, CancellationToken cancellationToken)
   at System.Net.Http.HttpConnectionPool.InjectNewHttp11ConnectionAsync(QueueItem queueItem)
   at System.Threading.Tasks.TaskCompletionSourceWithCancellation`1.WaitWithCancellationAsync(CancellationToken cancellationToken)
   at System.Net.Http.HttpConnectionWaiter`1.WaitForConnectionWithTelemetryAsync(HttpRequestMessage request, HttpConnectionPool pool, Boolean async, CancellationToken requestCancellationToken)
   at System.Net.Http.HttpConnectionPool.SendWithVersionDetectionAndRetryAsync(HttpRequestMessage request, Boolean async, Boolean doRequestAuth, CancellationToken cancellationToken)
   at System.Net.Http.DiagnosticsHandler.SendAsyncCore(HttpRequestMessage request, Boolean async, CancellationToken cancellationToken)
   at System.Net.Http.HttpClient.<SendAsync>g__Core|83_0(HttpRequestMessage request, HttpCompletionOption completionOption, CancellationTokenSource cts, Boolean disposeCts, CancellationTokenSource pendingRequestsCts, CancellationToken originalCancellationToken)
   at Azure.Core.Pipeline.HttpClientTransport.ProcessSyncOrAsync(HttpMessage message, Boolean async)
   --- End of inner exception stack trace ---
   at Azure.Core.Pipeline.HttpClientTransport.ProcessSyncOrAsync(HttpMessage message, Boolean async)
   at Azure.Core.Pipeline.HttpPipelineTransportPolicy.ProcessAsync(HttpMessage message, ReadOnlyMemory`1 pipeline)
   at Azure.Core.Pipeline.ResponseBodyPolicy.ProcessAsync(HttpMessage message, ReadOnlyMemory`1 pipeline, Boolean async)
   at Azure.Core.Pipeline.HttpPipelineSynchronousPolicy.InnerProcessAsync(HttpMessage message, ReadOnlyMemory`1 pipeline)
   at Azure.Core.Pipeline.RedirectPolicy.ProcessAsync(HttpMessage message, ReadOnlyMemory`1 pipeline, Boolean async)
   at Azure.Core.Pipeline.RetryPolicy.ProcessAsync(HttpMessage message, ReadOnlyMemory`1 pipeline, Boolean async)<---

 ---> (Inner Exception #2) Azure.RequestFailedException: No connection could be made because the target machine actively refused it. (127.0.0.1:10000)
 ---> System.Net.Http.HttpRequestException: No connection could be made because the target machine actively refused it. (127.0.0.1:10000)
 ---> System.Net.Sockets.SocketException (10061): No connection could be made because the target machine actively refused it.
   at System.Net.Sockets.Socket.AwaitableSocketAsyncEventArgs.ThrowException(SocketError error, CancellationToken cancellationToken)
   at System.Net.Sockets.Socket.AwaitableSocketAsyncEventArgs.System.Threading.Tasks.Sources.IValueTaskSource.GetResult(Int16 token)
   at System.Net.Http.HttpConnectionPool.ConnectToTcpHostAsync(String host, Int32 port, HttpRequestMessage initialRequest, Boolean async, CancellationToken cancellationToken)
   --- End of inner exception stack trace ---
   at System.Net.Http.HttpConnectionPool.ConnectToTcpHostAsync(String host, Int32 port, HttpRequestMessage initialRequest, Boolean async, CancellationToken cancellationToken)
   at System.Net.Http.HttpConnectionPool.ConnectAsync(HttpRequestMessage request, Boolean async, CancellationToken cancellationToken)
   at System.Net.Http.HttpConnectionPool.CreateHttp11ConnectionAsync(HttpRequestMessage request, Boolean async, CancellationToken cancellationToken)
   at System.Net.Http.HttpConnectionPool.InjectNewHttp11ConnectionAsync(QueueItem queueItem)
   at System.Threading.Tasks.TaskCompletionSourceWithCancellation`1.WaitWithCancellationAsync(CancellationToken cancellationToken)
   at System.Net.Http.HttpConnectionWaiter`1.WaitForConnectionWithTelemetryAsync(HttpRequestMessage request, HttpConnectionPool pool, Boolean async, CancellationToken requestCancellationToken)
   at System.Net.Http.HttpConnectionPool.SendWithVersionDetectionAndRetryAsync(HttpRequestMessage request, Boolean async, Boolean doRequestAuth, CancellationToken cancellationToken)
   at System.Net.Http.DiagnosticsHandler.SendAsyncCore(HttpRequestMessage request, Boolean async, CancellationToken cancellationToken)
   at System.Net.Http.HttpClient.<SendAsync>g__Core|83_0(HttpRequestMessage request, HttpCompletionOption completionOption, CancellationTokenSource cts, Boolean disposeCts, CancellationTokenSource pendingRequestsCts, CancellationToken originalCancellationToken)
   at Azure.Core.Pipeline.HttpClientTransport.ProcessSyncOrAsync(HttpMessage message, Boolean async)
   --- End of inner exception stack trace ---
   at Azure.Core.Pipeline.HttpClientTransport.ProcessSyncOrAsync(HttpMessage message, Boolean async)
   at Azure.Core.Pipeline.HttpPipelineTransportPolicy.ProcessAsync(HttpMessage message, ReadOnlyMemory`1 pipeline)
   at Azure.Core.Pipeline.ResponseBodyPolicy.ProcessAsync(HttpMessage message, ReadOnlyMemory`1 pipeline, Boolean async)
   at Azure.Core.Pipeline.HttpPipelineSynchronousPolicy.InnerProcessAsync(HttpMessage message, ReadOnlyMemory`1 pipeline)
   at Azure.Core.Pipeline.RedirectPolicy.ProcessAsync(HttpMessage message, ReadOnlyMemory`1 pipeline, Boolean async)
   at Azure.Core.Pipeline.RetryPolicy.ProcessAsync(HttpMessage message, ReadOnlyMemory`1 pipeline, Boolean async)<---

 ---> (Inner Exception #3) Azure.RequestFailedException: No connection could be made because the target machine actively refused it. (127.0.0.1:10000)
 ---> System.Net.Http.HttpRequestException: No connection could be made because the target machine actively refused it. (127.0.0.1:10000)
 ---> System.Net.Sockets.SocketException (10061): No connection could be made because the target machine actively refused it.
   at System.Net.Sockets.Socket.AwaitableSocketAsyncEventArgs.ThrowException(SocketError error, CancellationToken cancellationToken)
   at System.Net.Sockets.Socket.AwaitableSocketAsyncEventArgs.System.Threading.Tasks.Sources.IValueTaskSource.GetResult(Int16 token)
   at System.Net.Http.HttpConnectionPool.ConnectToTcpHostAsync(String host, Int32 port, HttpRequestMessage initialRequest, Boolean async, CancellationToken cancellationToken)
   --- End of inner exception stack trace ---
   at System.Net.Http.HttpConnectionPool.ConnectToTcpHostAsync(String host, Int32 port, HttpRequestMessage initialRequest, Boolean async, CancellationToken cancellationToken)
   at System.Net.Http.HttpConnectionPool.ConnectAsync(HttpRequestMessage request, Boolean async, CancellationToken cancellationToken)
   at System.Net.Http.HttpConnectionPool.CreateHttp11ConnectionAsync(HttpRequestMessage request, Boolean async, CancellationToken cancellationToken)
   at System.Net.Http.HttpConnectionPool.InjectNewHttp11ConnectionAsync(QueueItem queueItem)
   at System.Threading.Tasks.TaskCompletionSourceWithCancellation`1.WaitWithCancellationAsync(CancellationToken cancellationToken)
   at System.Net.Http.HttpConnectionWaiter`1.WaitForConnectionWithTelemetryAsync(HttpRequestMessage request, HttpConnectionPool pool, Boolean async, CancellationToken requestCancellationToken)
   at System.Net.Http.HttpConnectionPool.SendWithVersionDetectionAndRetryAsync(HttpRequestMessage request, Boolean async, Boolean doRequestAuth, CancellationToken cancellationToken)
   at System.Net.Http.DiagnosticsHandler.SendAsyncCore(HttpRequestMessage request, Boolean async, CancellationToken cancellationToken)
   at System.Net.Http.HttpClient.<SendAsync>g__Core|83_0(HttpRequestMessage request, HttpCompletionOption completionOption, CancellationTokenSource cts, Boolean disposeCts, CancellationTokenSource pendingRequestsCts, CancellationToken originalCancellationToken)
   at Azure.Core.Pipeline.HttpClientTransport.ProcessSyncOrAsync(HttpMessage message, Boolean async)
   --- End of inner exception stack trace ---
   at Azure.Core.Pipeline.HttpClientTransport.ProcessSyncOrAsync(HttpMessage message, Boolean async)
   at Azure.Core.Pipeline.HttpPipelineTransportPolicy.ProcessAsync(HttpMessage message, ReadOnlyMemory`1 pipeline)
   at Azure.Core.Pipeline.ResponseBodyPolicy.ProcessAsync(HttpMessage message, ReadOnlyMemory`1 pipeline, Boolean async)
   at Azure.Core.Pipeline.HttpPipelineSynchronousPolicy.InnerProcessAsync(HttpMessage message, ReadOnlyMemory`1 pipeline)
   at Azure.Core.Pipeline.RedirectPolicy.ProcessAsync(HttpMessage message, ReadOnlyMemory`1 pipeline, Boolean async)
   at Azure.Core.Pipeline.RetryPolicy.ProcessAsync(HttpMessage message, ReadOnlyMemory`1 pipeline, Boolean async)<---

 ---> (Inner Exception #4) Azure.RequestFailedException: No connection could be made because the target machine actively refused it. (127.0.0.1:10000)
 ---> System.Net.Http.HttpRequestException: No connection could be made because the target machine actively refused it. (127.0.0.1:10000)
 ---> System.Net.Sockets.SocketException (10061): No connection could be made because the target machine actively refused it.
   at System.Net.Sockets.Socket.AwaitableSocketAsyncEventArgs.ThrowException(SocketError error, CancellationToken cancellationToken)
   at System.Net.Sockets.Socket.AwaitableSocketAsyncEventArgs.System.Threading.Tasks.Sources.IValueTaskSource.GetResult(Int16 token)
   at System.Net.Http.HttpConnectionPool.ConnectToTcpHostAsync(String host, Int32 port, HttpRequestMessage initialRequest, Boolean async, CancellationToken cancellationToken)
   --- End of inner exception stack trace ---
   at System.Net.Http.HttpConnectionPool.ConnectToTcpHostAsync(String host, Int32 port, HttpRequestMessage initialRequest, Boolean async, CancellationToken cancellationToken)
   at System.Net.Http.HttpConnectionPool.ConnectAsync(HttpRequestMessage request, Boolean async, CancellationToken cancellationToken)
   at System.Net.Http.HttpConnectionPool.CreateHttp11ConnectionAsync(HttpRequestMessage request, Boolean async, CancellationToken cancellationToken)
   at System.Net.Http.HttpConnectionPool.InjectNewHttp11ConnectionAsync(QueueItem queueItem)
   at System.Threading.Tasks.TaskCompletionSourceWithCancellation`1.WaitWithCancellationAsync(CancellationToken cancellationToken)
   at System.Net.Http.HttpConnectionWaiter`1.WaitForConnectionWithTelemetryAsync(HttpRequestMessage request, HttpConnectionPool pool, Boolean async, CancellationToken requestCancellationToken)
   at System.Net.Http.HttpConnectionPool.SendWithVersionDetectionAndRetryAsync(HttpRequestMessage request, Boolean async, Boolean doRequestAuth, CancellationToken cancellationToken)
   at System.Net.Http.DiagnosticsHandler.SendAsyncCore(HttpRequestMessage request, Boolean async, CancellationToken cancellationToken)
   at System.Net.Http.HttpClient.<SendAsync>g__Core|83_0(HttpRequestMessage request, HttpCompletionOption completionOption, CancellationTokenSource cts, Boolean disposeCts, CancellationTokenSource pendingRequestsCts, CancellationToken originalCancellationToken)
   at Azure.Core.Pipeline.HttpClientTransport.ProcessSyncOrAsync(HttpMessage message, Boolean async)
   --- End of inner exception stack trace ---
   at Azure.Core.Pipeline.HttpClientTransport.ProcessSyncOrAsync(HttpMessage message, Boolean async)
   at Azure.Core.Pipeline.HttpPipelineTransportPolicy.ProcessAsync(HttpMessage message, ReadOnlyMemory`1 pipeline)
   at Azure.Core.Pipeline.ResponseBodyPolicy.ProcessAsync(HttpMessage message, ReadOnlyMemory`1 pipeline, Boolean async)
   at Azure.Core.Pipeline.HttpPipelineSynchronousPolicy.InnerProcessAsync(HttpMessage message, ReadOnlyMemory`1 pipeline)
   at Azure.Core.Pipeline.RedirectPolicy.ProcessAsync(HttpMessage message, ReadOnlyMemory`1 pipeline, Boolean async)
   at Azure.Core.Pipeline.RetryPolicy.ProcessAsync(HttpMessage message, ReadOnlyMemory`1 pipeline, Boolean async)<---

 ---> (Inner Exception #5) Azure.RequestFailedException: No connection could be made because the target machine actively refused it. (127.0.0.1:10000)
 ---> System.Net.Http.HttpRequestException: No connection could be made because the target machine actively refused it. (127.0.0.1:10000)
 ---> System.Net.Sockets.SocketException (10061): No connection could be made because the target machine actively refused it.
   at System.Net.Sockets.Socket.AwaitableSocketAsyncEventArgs.ThrowException(SocketError error, CancellationToken cancellationToken)
   at System.Net.Sockets.Socket.AwaitableSocketAsyncEventArgs.System.Threading.Tasks.Sources.IValueTaskSource.GetResult(Int16 token)
   at System.Net.Http.HttpConnectionPool.ConnectToTcpHostAsync(String host, Int32 port, HttpRequestMessage initialRequest, Boolean async, CancellationToken cancellationToken)
   --- End of inner exception stack trace ---
   at System.Net.Http.HttpConnectionPool.ConnectToTcpHostAsync(String host, Int32 port, HttpRequestMessage initialRequest, Boolean async, CancellationToken cancellationToken)
   at System.Net.Http.HttpConnectionPool.ConnectAsync(HttpRequestMessage request, Boolean async, CancellationToken cancellationToken)
   at System.Net.Http.HttpConnectionPool.CreateHttp11ConnectionAsync(HttpRequestMessage request, Boolean async, CancellationToken cancellationToken)
   at System.Net.Http.HttpConnectionPool.InjectNewHttp11ConnectionAsync(QueueItem queueItem)
   at System.Threading.Tasks.TaskCompletionSourceWithCancellation`1.WaitWithCancellationAsync(CancellationToken cancellationToken)
   at System.Net.Http.HttpConnectionWaiter`1.WaitForConnectionWithTelemetryAsync(HttpRequestMessage request, HttpConnectionPool pool, Boolean async, CancellationToken requestCancellationToken)
   at System.Net.Http.HttpConnectionPool.SendWithVersionDetectionAndRetryAsync(HttpRequestMessage request, Boolean async, Boolean doRequestAuth, CancellationToken cancellationToken)
   at System.Net.Http.DiagnosticsHandler.SendAsyncCore(HttpRequestMessage request, Boolean async, CancellationToken cancellationToken)
   at System.Net.Http.HttpClient.<SendAsync>g__Core|83_0(HttpRequestMessage request, HttpCompletionOption completionOption, CancellationTokenSource cts, Boolean disposeCts, CancellationTokenSource pendingRequestsCts, CancellationToken originalCancellationToken)
   at Azure.Core.Pipeline.HttpClientTransport.ProcessSyncOrAsync(HttpMessage message, Boolean async)
   --- End of inner exception stack trace ---
   at Azure.Core.Pipeline.HttpClientTransport.ProcessSyncOrAsync(HttpMessage message, Boolean async)
   at Azure.Core.Pipeline.HttpPipelineTransportPolicy.ProcessAsync(HttpMessage message, ReadOnlyMemory`1 pipeline)
   at Azure.Core.Pipeline.ResponseBodyPolicy.ProcessAsync(HttpMessage message, ReadOnlyMemory`1 pipeline, Boolean async)
   at Azure.Core.Pipeline.HttpPipelineSynchronousPolicy.InnerProcessAsync(HttpMessage message, ReadOnlyMemory`1 pipeline)
   at Azure.Core.Pipeline.RedirectPolicy.ProcessAsync(HttpMessage message, ReadOnlyMemory`1 pipeline, Boolean async)
   at Azure.Core.Pipeline.RetryPolicy.ProcessAsync(HttpMessage message, ReadOnlyMemory`1 pipeline, Boolean async)<---

2026-05-15 21:54:15.833 -05:00 [INF] Start processing HTTP request GET https://www.youtube.com/api/timedtext?*
2026-05-15 21:54:15.834 -05:00 [INF] Sending HTTP request GET https://www.youtube.com/api/timedtext?*
2026-05-15 21:54:15.855 -05:00 [INF] Received HTTP response headers after 20.2939ms - 200
2026-05-15 21:54:15.857 -05:00 [INF] End processing HTTP request after 23.9789ms - 200
2026-05-15 21:54:15.863 -05:00 [WRN] Auto-import failed for 6_YmvUuTk-o: Slug must be lower-case letters, digits, and dashes (e.g. 'plan-your-visit').
2026-05-15 21:54:51.733 -05:00 [WRN] Failed to copy thumbnail for QzNiV4NNM6Y
System.AggregateException: Retry failed after 6 tries. Retry settings can be adjusted in ClientOptions.Retry or by configuring a custom retry policy in ClientOptions.RetryPolicy. (No connection could be made because the target machine actively refused it. (127.0.0.1:10000)) (No connection could be made because the target machine actively refused it. (127.0.0.1:10000)) (No connection could be made because the target machine actively refused it. (127.0.0.1:10000)) (No connection could be made because the target machine actively refused it. (127.0.0.1:10000)) (No connection could be made because the target machine actively refused it. (127.0.0.1:10000)) (No connection could be made because the target machine actively refused it. (127.0.0.1:10000))
 ---> Azure.RequestFailedException: No connection could be made because the target machine actively refused it. (127.0.0.1:10000)
 ---> System.Net.Http.HttpRequestException: No connection could be made because the target machine actively refused it. (127.0.0.1:10000)
 ---> System.Net.Sockets.SocketException (10061): No connection could be made because the target machine actively refused it.
   at System.Net.Sockets.Socket.AwaitableSocketAsyncEventArgs.ThrowException(SocketError error, CancellationToken cancellationToken)
   at System.Net.Sockets.Socket.AwaitableSocketAsyncEventArgs.System.Threading.Tasks.Sources.IValueTaskSource.GetResult(Int16 token)
   at System.Net.Http.HttpConnectionPool.ConnectToTcpHostAsync(String host, Int32 port, HttpRequestMessage initialRequest, Boolean async, CancellationToken cancellationToken)
   --- End of inner exception stack trace ---
   at System.Net.Http.HttpConnectionPool.ConnectToTcpHostAsync(String host, Int32 port, HttpRequestMessage initialRequest, Boolean async, CancellationToken cancellationToken)
   at System.Net.Http.HttpConnectionPool.ConnectAsync(HttpRequestMessage request, Boolean async, CancellationToken cancellationToken)
   at System.Net.Http.HttpConnectionPool.CreateHttp11ConnectionAsync(HttpRequestMessage request, Boolean async, CancellationToken cancellationToken)
   at System.Net.Http.HttpConnectionPool.InjectNewHttp11ConnectionAsync(QueueItem queueItem)
   at System.Threading.Tasks.TaskCompletionSourceWithCancellation`1.WaitWithCancellationAsync(CancellationToken cancellationToken)
   at System.Net.Http.HttpConnectionWaiter`1.WaitForConnectionWithTelemetryAsync(HttpRequestMessage request, HttpConnectionPool pool, Boolean async, CancellationToken requestCancellationToken)
   at System.Net.Http.HttpConnectionPool.SendWithVersionDetectionAndRetryAsync(HttpRequestMessage request, Boolean async, Boolean doRequestAuth, CancellationToken cancellationToken)
   at System.Net.Http.DiagnosticsHandler.SendAsyncCore(HttpRequestMessage request, Boolean async, CancellationToken cancellationToken)
   at System.Net.Http.HttpClient.<SendAsync>g__Core|83_0(HttpRequestMessage request, HttpCompletionOption completionOption, CancellationTokenSource cts, Boolean disposeCts, CancellationTokenSource pendingRequestsCts, CancellationToken originalCancellationToken)
   at Azure.Core.Pipeline.HttpClientTransport.ProcessSyncOrAsync(HttpMessage message, Boolean async)
   --- End of inner exception stack trace ---
   at Azure.Core.Pipeline.HttpClientTransport.ProcessSyncOrAsync(HttpMessage message, Boolean async)
   at Azure.Core.Pipeline.HttpPipelineTransportPolicy.ProcessAsync(HttpMessage message, ReadOnlyMemory`1 pipeline)
   at Azure.Core.Pipeline.ResponseBodyPolicy.ProcessAsync(HttpMessage message, ReadOnlyMemory`1 pipeline, Boolean async)
   at Azure.Core.Pipeline.HttpPipelineSynchronousPolicy.InnerProcessAsync(HttpMessage message, ReadOnlyMemory`1 pipeline)
   at Azure.Core.Pipeline.RedirectPolicy.ProcessAsync(HttpMessage message, ReadOnlyMemory`1 pipeline, Boolean async)
   at Azure.Core.Pipeline.RetryPolicy.ProcessAsync(HttpMessage message, ReadOnlyMemory`1 pipeline, Boolean async)
   --- End of inner exception stack trace ---
   at Azure.Core.Pipeline.RetryPolicy.ProcessAsync(HttpMessage message, ReadOnlyMemory`1 pipeline, Boolean async)
   at Azure.Core.Pipeline.HttpPipelineSynchronousPolicy.InnerProcessAsync(HttpMessage message, ReadOnlyMemory`1 pipeline)
   at Azure.Storage.Blobs.ContainerRestClient.CreateAsync(Nullable`1 timeout, IDictionary`2 metadata, Nullable`1 access, String defaultEncryptionScope, Nullable`1 preventEncryptionScopeOverride, CancellationToken cancellationToken)
   at Azure.Storage.Blobs.BlobContainerClient.CreateInternal(PublicAccessType publicAccessType, IDictionary`2 metadata, BlobContainerEncryptionScopeOptions encryptionScopeOptions, Boolean async, CancellationToken cancellationToken, String operationName)
   at Azure.Storage.Blobs.BlobContainerClient.CreateIfNotExistsInternal(PublicAccessType publicAccessType, IDictionary`2 metadata, BlobContainerEncryptionScopeOptions encryptionScopeOptions, Boolean async, CancellationToken cancellationToken)
   at Azure.Storage.Blobs.BlobContainerClient.CreateIfNotExistsAsync(PublicAccessType publicAccessType, IDictionary`2 metadata, BlobContainerEncryptionScopeOptions encryptionScopeOptions, CancellationToken cancellationToken)
   at CredoCms.Infrastructure.Storage.BlobStorageService.UploadAsync(String blobName, Stream content, String contentType, CancellationToken cancellationToken) in C:\CODE\Credo-CMS\api\CredoCms.Infrastructure\Storage\BlobStorageService.cs:line 47
   at CredoCms.Infrastructure.YouTube.YouTubeSyncService.CopyThumbnailAsync(IBlobStorageService blobs, String videoId, String thumbnailUrl, CancellationToken ct) in C:\CODE\Credo-CMS\api\CredoCms.Infrastructure\YouTube\YouTubeSyncService.cs:line 203
   at CredoCms.Infrastructure.YouTube.YouTubeSyncService.CopyThumbnailAsync(IBlobStorageService blobs, String videoId, String thumbnailUrl, CancellationToken ct) in C:\CODE\Credo-CMS\api\CredoCms.Infrastructure\YouTube\YouTubeSyncService.cs:line 203
   at CredoCms.Infrastructure.YouTube.YouTubeSyncService.RunOnceAsync(CancellationToken ct) in C:\CODE\Credo-CMS\api\CredoCms.Infrastructure\YouTube\YouTubeSyncService.cs:line 115
 ---> (Inner Exception #1) Azure.RequestFailedException: No connection could be made because the target machine actively refused it. (127.0.0.1:10000)
 ---> System.Net.Http.HttpRequestException: No connection could be made because the target machine actively refused it. (127.0.0.1:10000)
 ---> System.Net.Sockets.SocketException (10061): No connection could be made because the target machine actively refused it.
   at System.Net.Sockets.Socket.AwaitableSocketAsyncEventArgs.ThrowException(SocketError error, CancellationToken cancellationToken)
   at System.Net.Sockets.Socket.AwaitableSocketAsyncEventArgs.System.Threading.Tasks.Sources.IValueTaskSource.GetResult(Int16 token)
   at System.Net.Http.HttpConnectionPool.ConnectToTcpHostAsync(String host, Int32 port, HttpRequestMessage initialRequest, Boolean async, CancellationToken cancellationToken)
   --- End of inner exception stack trace ---
   at System.Net.Http.HttpConnectionPool.ConnectToTcpHostAsync(String host, Int32 port, HttpRequestMessage initialRequest, Boolean async, CancellationToken cancellationToken)
   at System.Net.Http.HttpConnectionPool.ConnectAsync(HttpRequestMessage request, Boolean async, CancellationToken cancellationToken)
   at System.Net.Http.HttpConnectionPool.CreateHttp11ConnectionAsync(HttpRequestMessage request, Boolean async, CancellationToken cancellationToken)
   at System.Net.Http.HttpConnectionPool.InjectNewHttp11ConnectionAsync(QueueItem queueItem)
   at System.Threading.Tasks.TaskCompletionSourceWithCancellation`1.WaitWithCancellationAsync(CancellationToken cancellationToken)
   at System.Net.Http.HttpConnectionWaiter`1.WaitForConnectionWithTelemetryAsync(HttpRequestMessage request, HttpConnectionPool pool, Boolean async, CancellationToken requestCancellationToken)
   at System.Net.Http.HttpConnectionPool.SendWithVersionDetectionAndRetryAsync(HttpRequestMessage request, Boolean async, Boolean doRequestAuth, CancellationToken cancellationToken)
   at System.Net.Http.DiagnosticsHandler.SendAsyncCore(HttpRequestMessage request, Boolean async, CancellationToken cancellationToken)
   at System.Net.Http.HttpClient.<SendAsync>g__Core|83_0(HttpRequestMessage request, HttpCompletionOption completionOption, CancellationTokenSource cts, Boolean disposeCts, CancellationTokenSource pendingRequestsCts, CancellationToken originalCancellationToken)
   at Azure.Core.Pipeline.HttpClientTransport.ProcessSyncOrAsync(HttpMessage message, Boolean async)
   --- End of inner exception stack trace ---
   at Azure.Core.Pipeline.HttpClientTransport.ProcessSyncOrAsync(HttpMessage message, Boolean async)
   at Azure.Core.Pipeline.HttpPipelineTransportPolicy.ProcessAsync(HttpMessage message, ReadOnlyMemory`1 pipeline)
   at Azure.Core.Pipeline.ResponseBodyPolicy.ProcessAsync(HttpMessage message, ReadOnlyMemory`1 pipeline, Boolean async)
   at Azure.Core.Pipeline.HttpPipelineSynchronousPolicy.InnerProcessAsync(HttpMessage message, ReadOnlyMemory`1 pipeline)
   at Azure.Core.Pipeline.RedirectPolicy.ProcessAsync(HttpMessage message, ReadOnlyMemory`1 pipeline, Boolean async)
   at Azure.Core.Pipeline.RetryPolicy.ProcessAsync(HttpMessage message, ReadOnlyMemory`1 pipeline, Boolean async)<---

 ---> (Inner Exception #2) Azure.RequestFailedException: No connection could be made because the target machine actively refused it. (127.0.0.1:10000)
 ---> System.Net.Http.HttpRequestException: No connection could be made because the target machine actively refused it. (127.0.0.1:10000)
 ---> System.Net.Sockets.SocketException (10061): No connection could be made because the target machine actively refused it.
   at System.Net.Sockets.Socket.AwaitableSocketAsyncEventArgs.ThrowException(SocketError error, CancellationToken cancellationToken)
   at System.Net.Sockets.Socket.AwaitableSocketAsyncEventArgs.System.Threading.Tasks.Sources.IValueTaskSource.GetResult(Int16 token)
   at System.Net.Http.HttpConnectionPool.ConnectToTcpHostAsync(String host, Int32 port, HttpRequestMessage initialRequest, Boolean async, CancellationToken cancellationToken)
   --- End of inner exception stack trace ---
   at System.Net.Http.HttpConnectionPool.ConnectToTcpHostAsync(String host, Int32 port, HttpRequestMessage initialRequest, Boolean async, CancellationToken cancellationToken)
   at System.Net.Http.HttpConnectionPool.ConnectAsync(HttpRequestMessage request, Boolean async, CancellationToken cancellationToken)
   at System.Net.Http.HttpConnectionPool.CreateHttp11ConnectionAsync(HttpRequestMessage request, Boolean async, CancellationToken cancellationToken)
   at System.Net.Http.HttpConnectionPool.InjectNewHttp11ConnectionAsync(QueueItem queueItem)
   at System.Threading.Tasks.TaskCompletionSourceWithCancellation`1.WaitWithCancellationAsync(CancellationToken cancellationToken)
   at System.Net.Http.HttpConnectionWaiter`1.WaitForConnectionWithTelemetryAsync(HttpRequestMessage request, HttpConnectionPool pool, Boolean async, CancellationToken requestCancellationToken)
   at System.Net.Http.HttpConnectionPool.SendWithVersionDetectionAndRetryAsync(HttpRequestMessage request, Boolean async, Boolean doRequestAuth, CancellationToken cancellationToken)
   at System.Net.Http.DiagnosticsHandler.SendAsyncCore(HttpRequestMessage request, Boolean async, CancellationToken cancellationToken)
   at System.Net.Http.HttpClient.<SendAsync>g__Core|83_0(HttpRequestMessage request, HttpCompletionOption completionOption, CancellationTokenSource cts, Boolean disposeCts, CancellationTokenSource pendingRequestsCts, CancellationToken originalCancellationToken)
   at Azure.Core.Pipeline.HttpClientTransport.ProcessSyncOrAsync(HttpMessage message, Boolean async)
   --- End of inner exception stack trace ---
   at Azure.Core.Pipeline.HttpClientTransport.ProcessSyncOrAsync(HttpMessage message, Boolean async)
   at Azure.Core.Pipeline.HttpPipelineTransportPolicy.ProcessAsync(HttpMessage message, ReadOnlyMemory`1 pipeline)
   at Azure.Core.Pipeline.ResponseBodyPolicy.ProcessAsync(HttpMessage message, ReadOnlyMemory`1 pipeline, Boolean async)
   at Azure.Core.Pipeline.HttpPipelineSynchronousPolicy.InnerProcessAsync(HttpMessage message, ReadOnlyMemory`1 pipeline)
   at Azure.Core.Pipeline.RedirectPolicy.ProcessAsync(HttpMessage message, ReadOnlyMemory`1 pipeline, Boolean async)
   at Azure.Core.Pipeline.RetryPolicy.ProcessAsync(HttpMessage message, ReadOnlyMemory`1 pipeline, Boolean async)<---

 ---> (Inner Exception #3) Azure.RequestFailedException: No connection could be made because the target machine actively refused it. (127.0.0.1:10000)
 ---> System.Net.Http.HttpRequestException: No connection could be made because the target machine actively refused it. (127.0.0.1:10000)
 ---> System.Net.Sockets.SocketException (10061): No connection could be made because the target machine actively refused it.
   at System.Net.Sockets.Socket.AwaitableSocketAsyncEventArgs.ThrowException(SocketError error, CancellationToken cancellationToken)
   at System.Net.Sockets.Socket.AwaitableSocketAsyncEventArgs.System.Threading.Tasks.Sources.IValueTaskSource.GetResult(Int16 token)
   at System.Net.Http.HttpConnectionPool.ConnectToTcpHostAsync(String host, Int32 port, HttpRequestMessage initialRequest, Boolean async, CancellationToken cancellationToken)
   --- End of inner exception stack trace ---
   at System.Net.Http.HttpConnectionPool.ConnectToTcpHostAsync(String host, Int32 port, HttpRequestMessage initialRequest, Boolean async, CancellationToken cancellationToken)
   at System.Net.Http.HttpConnectionPool.ConnectAsync(HttpRequestMessage request, Boolean async, CancellationToken cancellationToken)
   at System.Net.Http.HttpConnectionPool.CreateHttp11ConnectionAsync(HttpRequestMessage request, Boolean async, CancellationToken cancellationToken)
   at System.Net.Http.HttpConnectionPool.InjectNewHttp11ConnectionAsync(QueueItem queueItem)
   at System.Threading.Tasks.TaskCompletionSourceWithCancellation`1.WaitWithCancellationAsync(CancellationToken cancellationToken)
   at System.Net.Http.HttpConnectionWaiter`1.WaitForConnectionWithTelemetryAsync(HttpRequestMessage request, HttpConnectionPool pool, Boolean async, CancellationToken requestCancellationToken)
   at System.Net.Http.HttpConnectionPool.SendWithVersionDetectionAndRetryAsync(HttpRequestMessage request, Boolean async, Boolean doRequestAuth, CancellationToken cancellationToken)
   at System.Net.Http.DiagnosticsHandler.SendAsyncCore(HttpRequestMessage request, Boolean async, CancellationToken cancellationToken)
   at System.Net.Http.HttpClient.<SendAsync>g__Core|83_0(HttpRequestMessage request, HttpCompletionOption completionOption, CancellationTokenSource cts, Boolean disposeCts, CancellationTokenSource pendingRequestsCts, CancellationToken originalCancellationToken)
   at Azure.Core.Pipeline.HttpClientTransport.ProcessSyncOrAsync(HttpMessage message, Boolean async)
   --- End of inner exception stack trace ---
   at Azure.Core.Pipeline.HttpClientTransport.ProcessSyncOrAsync(HttpMessage message, Boolean async)
   at Azure.Core.Pipeline.HttpPipelineTransportPolicy.ProcessAsync(HttpMessage message, ReadOnlyMemory`1 pipeline)
   at Azure.Core.Pipeline.ResponseBodyPolicy.ProcessAsync(HttpMessage message, ReadOnlyMemory`1 pipeline, Boolean async)
   at Azure.Core.Pipeline.HttpPipelineSynchronousPolicy.InnerProcessAsync(HttpMessage message, ReadOnlyMemory`1 pipeline)
   at Azure.Core.Pipeline.RedirectPolicy.ProcessAsync(HttpMessage message, ReadOnlyMemory`1 pipeline, Boolean async)
   at Azure.Core.Pipeline.RetryPolicy.ProcessAsync(HttpMessage message, ReadOnlyMemory`1 pipeline, Boolean async)<---

 ---> (Inner Exception #4) Azure.RequestFailedException: No connection could be made because the target machine actively refused it. (127.0.0.1:10000)
 ---> System.Net.Http.HttpRequestException: No connection could be made because the target machine actively refused it. (127.0.0.1:10000)
 ---> System.Net.Sockets.SocketException (10061): No connection could be made because the target machine actively refused it.
   at System.Net.Sockets.Socket.AwaitableSocketAsyncEventArgs.ThrowException(SocketError error, CancellationToken cancellationToken)
   at System.Net.Sockets.Socket.AwaitableSocketAsyncEventArgs.System.Threading.Tasks.Sources.IValueTaskSource.GetResult(Int16 token)
   at System.Net.Http.HttpConnectionPool.ConnectToTcpHostAsync(String host, Int32 port, HttpRequestMessage initialRequest, Boolean async, CancellationToken cancellationToken)
   --- End of inner exception stack trace ---
   at System.Net.Http.HttpConnectionPool.ConnectToTcpHostAsync(String host, Int32 port, HttpRequestMessage initialRequest, Boolean async, CancellationToken cancellationToken)
   at System.Net.Http.HttpConnectionPool.ConnectAsync(HttpRequestMessage request, Boolean async, CancellationToken cancellationToken)
   at System.Net.Http.HttpConnectionPool.CreateHttp11ConnectionAsync(HttpRequestMessage request, Boolean async, CancellationToken cancellationToken)
   at System.Net.Http.HttpConnectionPool.InjectNewHttp11ConnectionAsync(QueueItem queueItem)
   at System.Threading.Tasks.TaskCompletionSourceWithCancellation`1.WaitWithCancellationAsync(CancellationToken cancellationToken)
   at System.Net.Http.HttpConnectionWaiter`1.WaitForConnectionWithTelemetryAsync(HttpRequestMessage request, HttpConnectionPool pool, Boolean async, CancellationToken requestCancellationToken)
   at System.Net.Http.HttpConnectionPool.SendWithVersionDetectionAndRetryAsync(HttpRequestMessage request, Boolean async, Boolean doRequestAuth, CancellationToken cancellationToken)
   at System.Net.Http.DiagnosticsHandler.SendAsyncCore(HttpRequestMessage request, Boolean async, CancellationToken cancellationToken)
   at System.Net.Http.HttpClient.<SendAsync>g__Core|83_0(HttpRequestMessage request, HttpCompletionOption completionOption, CancellationTokenSource cts, Boolean disposeCts, CancellationTokenSource pendingRequestsCts, CancellationToken originalCancellationToken)
   at Azure.Core.Pipeline.HttpClientTransport.ProcessSyncOrAsync(HttpMessage message, Boolean async)
   --- End of inner exception stack trace ---
   at Azure.Core.Pipeline.HttpClientTransport.ProcessSyncOrAsync(HttpMessage message, Boolean async)
   at Azure.Core.Pipeline.HttpPipelineTransportPolicy.ProcessAsync(HttpMessage message, ReadOnlyMemory`1 pipeline)
   at Azure.Core.Pipeline.ResponseBodyPolicy.ProcessAsync(HttpMessage message, ReadOnlyMemory`1 pipeline, Boolean async)
   at Azure.Core.Pipeline.HttpPipelineSynchronousPolicy.InnerProcessAsync(HttpMessage message, ReadOnlyMemory`1 pipeline)
   at Azure.Core.Pipeline.RedirectPolicy.ProcessAsync(HttpMessage message, ReadOnlyMemory`1 pipeline, Boolean async)
   at Azure.Core.Pipeline.RetryPolicy.ProcessAsync(HttpMessage message, ReadOnlyMemory`1 pipeline, Boolean async)<---

 ---> (Inner Exception #5) Azure.RequestFailedException: No connection could be made because the target machine actively refused it. (127.0.0.1:10000)
 ---> System.Net.Http.HttpRequestException: No connection could be made because the target machine actively refused it. (127.0.0.1:10000)
 ---> System.Net.Sockets.SocketException (10061): No connection could be made because the target machine actively refused it.
   at System.Net.Sockets.Socket.AwaitableSocketAsyncEventArgs.ThrowException(SocketError error, CancellationToken cancellationToken)
   at System.Net.Sockets.Socket.AwaitableSocketAsyncEventArgs.System.Threading.Tasks.Sources.IValueTaskSource.GetResult(Int16 token)
   at System.Net.Http.HttpConnectionPool.ConnectToTcpHostAsync(String host, Int32 port, HttpRequestMessage initialRequest, Boolean async, CancellationToken cancellationToken)
   --- End of inner exception stack trace ---
   at System.Net.Http.HttpConnectionPool.ConnectToTcpHostAsync(String host, Int32 port, HttpRequestMessage initialRequest, Boolean async, CancellationToken cancellationToken)
   at System.Net.Http.HttpConnectionPool.ConnectAsync(HttpRequestMessage request, Boolean async, CancellationToken cancellationToken)
   at System.Net.Http.HttpConnectionPool.CreateHttp11ConnectionAsync(HttpRequestMessage request, Boolean async, CancellationToken cancellationToken)
   at System.Net.Http.HttpConnectionPool.InjectNewHttp11ConnectionAsync(QueueItem queueItem)
   at System.Threading.Tasks.TaskCompletionSourceWithCancellation`1.WaitWithCancellationAsync(CancellationToken cancellationToken)
   at System.Net.Http.HttpConnectionWaiter`1.WaitForConnectionWithTelemetryAsync(HttpRequestMessage request, HttpConnectionPool pool, Boolean async, CancellationToken requestCancellationToken)
   at System.Net.Http.HttpConnectionPool.SendWithVersionDetectionAndRetryAsync(HttpRequestMessage request, Boolean async, Boolean doRequestAuth, CancellationToken cancellationToken)
   at System.Net.Http.DiagnosticsHandler.SendAsyncCore(HttpRequestMessage request, Boolean async, CancellationToken cancellationToken)
   at System.Net.Http.HttpClient.<SendAsync>g__Core|83_0(HttpRequestMessage request, HttpCompletionOption completionOption, CancellationTokenSource cts, Boolean disposeCts, CancellationTokenSource pendingRequestsCts, CancellationToken originalCancellationToken)
   at Azure.Core.Pipeline.HttpClientTransport.ProcessSyncOrAsync(HttpMessage message, Boolean async)
   --- End of inner exception stack trace ---
   at Azure.Core.Pipeline.HttpClientTransport.ProcessSyncOrAsync(HttpMessage message, Boolean async)
   at Azure.Core.Pipeline.HttpPipelineTransportPolicy.ProcessAsync(HttpMessage message, ReadOnlyMemory`1 pipeline)
   at Azure.Core.Pipeline.ResponseBodyPolicy.ProcessAsync(HttpMessage message, ReadOnlyMemory`1 pipeline, Boolean async)
   at Azure.Core.Pipeline.HttpPipelineSynchronousPolicy.InnerProcessAsync(HttpMessage message, ReadOnlyMemory`1 pipeline)
   at Azure.Core.Pipeline.RedirectPolicy.ProcessAsync(HttpMessage message, ReadOnlyMemory`1 pipeline, Boolean async)
   at Azure.Core.Pipeline.RetryPolicy.ProcessAsync(HttpMessage message, ReadOnlyMemory`1 pipeline, Boolean async)<---

2026-05-15 21:54:51.768 -05:00 [INF] Start processing HTTP request GET https://www.youtube.com/api/timedtext?*
2026-05-15 21:54:51.769 -05:00 [INF] Sending HTTP request GET https://www.youtube.com/api/timedtext?*
2026-05-15 21:54:51.788 -05:00 [INF] Received HTTP response headers after 17.2065ms - 200
2026-05-15 21:54:51.789 -05:00 [INF] End processing HTTP request after 20.1317ms - 200
2026-05-15 21:54:51.807 -05:00 [INF] Audit: Sermon.Created on Sermon 67299541-e364-49aa-a816-b02db3524c12 by System
2026-05-15 21:54:51.815 -05:00 [INF] Audit: Sermon.AutoImported on Sermon 67299541-e364-49aa-a816-b02db3524c12 by System
2026-05-15 21:54:51.827 -05:00 [INF] YouTube sync run completed. Imported=2
2026-05-15 21:56:57.104 -05:00 [INF] HTTP GET /api/public/banner responded 200 in 44.2068 ms
2026-05-15 21:56:57.117 -05:00 [INF] HTTP GET /api/public/banner responded 200 in 5.6087 ms
2026-05-15 21:57:32.735 -05:00 [INF] HTTP GET /hubs/notifications responded 101 in 225617.5503 ms
2026-05-15 21:57:41.168 -05:00 [INF] HTTP GET /api/public/banner responded 200 in 9.0913 ms
2026-05-15 21:57:41.174 -05:00 [INF] HTTP GET /api/public/banner responded 200 in 8.0243 ms
2026-05-15 21:57:41.179 -05:00 [INF] HTTP GET /api/auth/me responded 200 in 9.3345 ms
2026-05-15 21:57:41.181 -05:00 [INF] HTTP GET /api/public/homepage responded 200 in 11.8828 ms
2026-05-15 21:57:41.195 -05:00 [INF] HTTP GET /api/site-settings/public responded 200 in 2.0582 ms
2026-05-15 21:57:41.201 -05:00 [INF] HTTP GET /api/public/homepage responded 200 in 7.5817 ms
2026-05-15 21:57:41.206 -05:00 [INF] HTTP GET /api/site-settings/public responded 200 in 2.4211 ms
2026-05-15 21:57:41.339 -05:00 [INF] HTTP POST /hubs/notifications/negotiate responded 200 in 1.7516 ms
2026-05-15 22:00:22.711 -05:00 [INF] HTTP GET /hubs/notifications responded 101 in 161364.6402 ms
2026-05-15 22:00:24.787 -05:00 [INF] HTTP POST /hubs/notifications/negotiate responded 200 in 7.2737 ms
2026-05-15 22:00:24.996 -05:00 [INF] HTTP GET /api/public/banner responded 200 in 61.7498 ms
2026-05-15 22:00:25.121 -05:00 [INF] HTTP GET /api/site-settings/public responded 200 in 156.9191 ms
2026-05-15 22:00:25.152 -05:00 [INF] HTTP GET /api/auth/me responded 200 in 217.8270 ms
2026-05-15 22:00:25.159 -05:00 [INF] HTTP GET /api/public/homepage responded 200 in 194.3203 ms
2026-05-15 22:00:25.163 -05:00 [INF] HTTP GET /api/public/banner responded 200 in 2.3928 ms
2026-05-15 22:00:25.168 -05:00 [INF] HTTP GET /api/site-settings/public responded 200 in 2.0626 ms
2026-05-15 22:00:25.176 -05:00 [INF] HTTP GET /api/public/homepage responded 200 in 7.0980 ms
2026-05-15 22:00:25.181 -05:00 [INF] HTTP POST /hubs/notifications/negotiate responded 200 in 0.5135 ms
2026-05-15 22:00:30.687 -05:00 [INF] HTTP GET /hubs/notifications responded 101 in 5495.7950 ms
2026-05-15 22:00:34.744 -05:00 [INF] HTTP POST /hubs/notifications/negotiate responded 200 in 22.0601 ms
2026-05-15 22:00:37.062 -05:00 [INF] HTTP GET /hubs/notifications responded 101 in 14.6789 ms
2026-05-15 22:00:37.078 -05:00 [INF] HTTP POST /hubs/notifications/negotiate responded 200 in 0.5304 ms
2026-05-15 22:00:41.801 -05:00 [INF] Acquiring an exclusive lock for migration application. See https://aka.ms/efcore-docs-migrations-lock for more information if this takes too long.
2026-05-15 22:00:41.959 -05:00 [INF] No migrations were applied. The database is already up to date.
2026-05-15 22:00:42.471 -05:00 [INF] Credo CMS API starting up
2026-05-15 22:00:42.505 -05:00 [INF] BroadcastSendWorker started, tick="00:00:15"
2026-05-15 22:00:42.505 -05:00 [INF] ScheduledPublishingService started, tick="00:01:00"
2026-05-15 22:00:42.505 -05:00 [INF] AdminNotificationDigestService started, tick="00:05:00"
2026-05-15 22:00:42.505 -05:00 [INF] EventVolunteerReminderService started, tick="01:00:00"
2026-05-15 22:00:42.529 -05:00 [INF] VersioningTrimBackgroundService started (Phase 1: inert)
2026-05-15 22:00:42.717 -05:00 [INF] Now listening on: https://localhost:7194
2026-05-15 22:00:42.719 -05:00 [INF] Now listening on: http://localhost:5128
2026-05-15 22:00:42.787 -05:00 [INF] Application started. Press Ctrl+C to shut down.
2026-05-15 22:00:42.789 -05:00 [INF] Hosting environment: Development
2026-05-15 22:00:42.790 -05:00 [INF] Content root path: C:\CODE\Credo-CMS\api\CredoCms.Api
2026-05-15 22:01:08.157 -05:00 [INF] Acquiring an exclusive lock for migration application. See https://aka.ms/efcore-docs-migrations-lock for more information if this takes too long.
2026-05-15 22:01:08.308 -05:00 [INF] No migrations were applied. The database is already up to date.
2026-05-15 22:01:08.806 -05:00 [INF] Credo CMS API starting up
2026-05-15 22:01:08.841 -05:00 [INF] AdminNotificationDigestService started, tick="00:05:00"
2026-05-15 22:01:08.841 -05:00 [INF] BroadcastSendWorker started, tick="00:00:15"
2026-05-15 22:01:08.841 -05:00 [INF] ScheduledPublishingService started, tick="00:01:00"
2026-05-15 22:01:08.841 -05:00 [INF] EventVolunteerReminderService started, tick="01:00:00"
2026-05-15 22:01:08.892 -05:00 [INF] VersioningTrimBackgroundService started (Phase 1: inert)
2026-05-15 22:01:09.193 -05:00 [INF] Now listening on: https://localhost:7194
2026-05-15 22:01:09.195 -05:00 [INF] Now listening on: http://localhost:5128
2026-05-15 22:01:09.253 -05:00 [INF] Application started. Press Ctrl+C to shut down.
2026-05-15 22:01:09.255 -05:00 [INF] Hosting environment: Development
2026-05-15 22:01:09.256 -05:00 [INF] Content root path: C:\CODE\Credo-CMS\api\CredoCms.Api
2026-05-15 22:01:39.444 -05:00 [INF] YouTube sync run completed. Imported=0
2026-05-15 22:01:51.695 -05:00 [INF] HTTP GET /api/public/banner responded 200 in 328.8393 ms
2026-05-15 22:01:51.695 -05:00 [INF] HTTP GET /api/site-settings/public responded 200 in 328.8127 ms
2026-05-15 22:01:51.695 -05:00 [INF] HTTP GET /api/site-settings/public responded 200 in 328.8293 ms
2026-05-15 22:01:51.695 -05:00 [INF] HTTP GET /api/auth/me responded 200 in 328.7844 ms
2026-05-15 22:01:51.724 -05:00 [INF] HTTP GET /api/public/homepage responded 200 in 360.9149 ms
2026-05-15 22:01:51.724 -05:00 [INF] HTTP GET /api/public/homepage responded 200 in 360.8694 ms
2026-05-15 22:01:51.738 -05:00 [INF] HTTP GET /api/public/banner responded 200 in 29.0911 ms
2026-05-15 22:01:51.742 -05:00 [INF] HTTP POST /hubs/notifications/negotiate responded 200 in 16.1280 ms
2026-05-15 22:01:58.659 -05:00 [INF] HTTP GET /api/public/sermons responded 200 in 53.7655 ms
2026-05-15 22:01:58.679 -05:00 [INF] HTTP GET /api/public/sermons responded 200 in 11.9867 ms
2026-05-15 22:01:59.988 -05:00 [INF] HTTP GET /api/public/events responded 200 in 122.7480 ms
2026-05-15 22:02:00.006 -05:00 [INF] HTTP GET /api/public/events responded 200 in 10.9817 ms
2026-05-15 22:02:01.718 -05:00 [INF] HTTP GET /api/public/news responded 200 in 11.4846 ms
2026-05-15 22:02:01.730 -05:00 [INF] HTTP GET /api/public/news responded 200 in 3.2548 ms
2026-05-15 22:02:02.773 -05:00 [INF] HTTP GET /api/public/leaders responded 200 in 34.3453 ms
2026-05-15 22:02:02.785 -05:00 [INF] HTTP GET /api/public/leaders responded 200 in 2.4183 ms
2026-05-15 22:02:05.814 -05:00 [INF] HTTP GET /api/public/pages/contact responded 404 in 32.2085 ms
2026-05-15 22:02:05.823 -05:00 [INF] HTTP GET /api/public/pages/contact responded 404 in 2.2463 ms
2026-05-15 22:02:08.039 -05:00 [INF] HTTP GET /index.html responded 404 in 4.9856 ms
2026-05-15 22:02:08.042 -05:00 [INF] HTTP GET /api/public/banner responded 200 in 6.7586 ms
2026-05-15 22:02:08.042 -05:00 [INF] HTTP GET /api/public/banner responded 200 in 7.2922 ms
2026-05-15 22:02:08.052 -05:00 [INF] HTTP GET /index.html responded 404 in 0.7283 ms
2026-05-15 22:02:09.518 -05:00 [INF] HTTP GET /api/public/banner responded 200 in 1.9469 ms
2026-05-15 22:02:09.521 -05:00 [INF] HTTP GET /api/public/pages/im-new responded 404 in 4.7183 ms
2026-05-15 22:02:09.528 -05:00 [INF] HTTP GET /api/public/banner responded 200 in 2.0805 ms
2026-05-15 22:02:09.533 -05:00 [INF] HTTP GET /api/public/pages/im-new responded 404 in 3.0300 ms
2026-05-15 22:02:10.610 -05:00 [INF] HTTP GET /api/public/pages/about responded 200 in 22.5654 ms
2026-05-15 22:02:13.347 -05:00 [INF] HTTP GET /api/public/homepage responded 200 in 16.6350 ms
2026-05-15 22:02:13.347 -05:00 [INF] HTTP GET /api/public/homepage responded 200 in 8.5571 ms
2026-05-15 22:02:32.914 -05:00 [INF] HTTP GET /hubs/notifications responded 101 in 41164.6187 ms
